{"uuid":"48d3a87d-ac2b-4d5d-a121-a6767017bc8d","historyId":"3dd1cdd8416c5b34d453d23cd18e4d43","fullName":"Array: The user is able to submit code in tryEditor for Find Numbers with Even Number of Digits","labels":[{"name":"tag","value":"arrays"},{"name":"tag","value":"scenario_013"},{"name":"host","value":"DESKTOP-RGL4EEL"},{"name":"thread","value":"19632@DESKTOP-RGL4EEL.main(1)"},{"name":"feature","value":"Array"},{"name":"story","value":"The user is able to submit code in tryEditor for Find Numbers with Even Number of Digits"},{"name":"suite","value":"Array"},{"name":"testClass","value":"The user is able to submit code in tryEditor for Find Numbers with Even Number of Digits"},{"name":"framework","value":"cucumber4jvm"},{"name":"language","value":"java"},{"name":"gherkin_uri","value":"file:///C:/Users/janga/eclipse-workspace/DSAlgosample/src/test/resources/Features/UC05_Arrays.feature"},{"name":"package","value":"src.test.resources.Features.UC05_Arrays_feature.Array"}],"links":[],"name":"The user is able to submit code in tryEditor for Find Numbers with Even Number of Digits","status":"failed","statusDetails":{"known":false,"muted":false,"flaky":false,"message":"Result do not match expected [submission success] but found [Error occurred during submission]","trace":"java.lang.AssertionError: Result do not match expected [submission success] but found [Error occurred during submission]\r\n\tat org.testng.Assert.fail(Assert.java:110)\r\n\tat org.testng.Assert.failNotEquals(Assert.java:1577)\r\n\tat org.testng.Assert.assertEqualsImpl(Assert.java:149)\r\n\tat org.testng.Assert.assertEquals(Assert.java:131)\r\n\tat org.testng.Assert.assertEquals(Assert.java:655)\r\n\tat com.Stepdefinitions.ArraysStepDef.the_user_should_be_presented_with_successful_submission_message(ArraysStepDef.java:139)\r\n\tat ✽.The user should be presented with successful submission message(file:///C:/Users/janga/eclipse-workspace/DSAlgosample/src/test/resources/Features/UC05_Arrays.feature:160)\r\n"},"stage":"finished","steps":[{"name":"Given  The user is on \"Question\" page of \"Find Numbers with Even Number of Digits\" after logged in","status":"passed","statusDetails":{"known":false,"muted":false,"flaky":false},"stage":"finished","steps":[],"attachments":[],"parameters":[],"start":1680118995116,"stop":1680118995226},{"name":"When  The user enter valid python code in tryEditor from sheet \"pythonCode\" and 7 for the question","status":"passed","statusDetails":{"known":false,"muted":false,"flaky":false},"stage":"finished","steps":[],"attachments":[],"parameters":[],"start":1680118995227,"stop":1680118996407},{"name":"And  The user clicks on Submit button","status":"passed","statusDetails":{"known":false,"muted":false,"flaky":false},"stage":"finished","steps":[],"attachments":[],"parameters":[],"start":1680118996408,"stop":1680118996459},{"name":"Then  The user should be presented with successful submission message","status":"failed","statusDetails":{"known":false,"muted":false,"flaky":false,"message":"Result do not match expected [submission success] but found [Error occurred during submission]","trace":"java.lang.AssertionError: Result do not match expected [submission success] but found [Error occurred during submission]\r\n\tat org.testng.Assert.fail(Assert.java:110)\r\n\tat org.testng.Assert.failNotEquals(Assert.java:1577)\r\n\tat org.testng.Assert.assertEqualsImpl(Assert.java:149)\r\n\tat org.testng.Assert.assertEquals(Assert.java:131)\r\n\tat org.testng.Assert.assertEquals(Assert.java:655)\r\n\tat com.Stepdefinitions.ArraysStepDef.the_user_should_be_presented_with_successful_submission_message(ArraysStepDef.java:139)\r\n\tat ✽.The user should be presented with successful submission message(file:///C:/Users/janga/eclipse-workspace/DSAlgosample/src/test/resources/Features/UC05_Arrays.feature:160)\r\n"},"stage":"finished","steps":[],"attachments":[],"parameters":[],"start":1680118996459,"stop":1680118997034}],"attachments":[],"parameters":[{"name":"Sheetname","value":"pythonCode"},{"name":"RowNumber","value":"7"}],"start":1680118995115,"stop":1680118997212}