{"uuid":"52d2f32b-ae1b-44db-9051-ad9b00f2ef42","historyId":"86e586629ddfcee005270bc547f69e10","fullName":"Array: The user is able to submit code in tryEditor for Squares of a Sorted Array","labels":[{"name":"tag","value":"arrays"},{"name":"tag","value":"scenario_015"},{"name":"host","value":"DESKTOP-RGL4EEL"},{"name":"thread","value":"12832@DESKTOP-RGL4EEL.main(1)"},{"name":"feature","value":"Array"},{"name":"story","value":"The user is able to submit code in tryEditor for Squares of a Sorted Array"},{"name":"suite","value":"Array"},{"name":"testClass","value":"The user is able to submit code in tryEditor for Squares of a Sorted Array"},{"name":"framework","value":"cucumber4jvm"},{"name":"language","value":"java"},{"name":"gherkin_uri","value":"file:///C:/Users/janga/eclipse-workspace/DSAlgosample/src/test/resources/Features/UC05_Arrays.feature"},{"name":"package","value":"src.test.resources.Features.UC05_Arrays_feature.Array"}],"links":[],"name":"The user is able to submit code in tryEditor for Squares of a Sorted Array","status":"failed","statusDetails":{"known":false,"muted":false,"flaky":false,"message":"Result do not match expected [submission success] but found [ No tests were collected]","trace":"java.lang.AssertionError: Result do not match expected [submission success] but found [ No tests were collected]\r\n\tat org.testng.Assert.fail(Assert.java:99)\r\n\tat org.testng.Assert.failNotEquals(Assert.java:1037)\r\n\tat org.testng.Assert.assertEqualsImpl(Assert.java:140)\r\n\tat org.testng.Assert.assertEquals(Assert.java:122)\r\n\tat org.testng.Assert.assertEquals(Assert.java:629)\r\n\tat com.Stepdefinitions.ArraysStepDef.the_user_should_be_presented_with_successful_submission_message(ArraysStepDef.java:139)\r\n\tat ✽.The user should be presented with successful submission message(file:///C:/Users/janga/eclipse-workspace/DSAlgosample/src/test/resources/Features/UC05_Arrays.feature:182)\r\n"},"stage":"finished","steps":[{"name":"Given  The user is on \"Question\" page of \"Squares of a Sorted Array\" after logged in","status":"passed","statusDetails":{"known":false,"muted":false,"flaky":false},"stage":"finished","steps":[],"attachments":[],"parameters":[],"start":1680050513656,"stop":1680050513779},{"name":"When  The user enter valid python code in tryEditor from sheet \"pythonCode\" and 9 for the question","status":"passed","statusDetails":{"known":false,"muted":false,"flaky":false},"stage":"finished","steps":[],"attachments":[],"parameters":[],"start":1680050513780,"stop":1680050515243},{"name":"And  The user clicks on Submit button","status":"passed","statusDetails":{"known":false,"muted":false,"flaky":false},"stage":"finished","steps":[],"attachments":[],"parameters":[],"start":1680050515244,"stop":1680050515308},{"name":"Then  The user should be presented with successful submission message","status":"failed","statusDetails":{"known":false,"muted":false,"flaky":false,"message":"Result do not match expected [submission success] but found [ No tests were collected]","trace":"java.lang.AssertionError: Result do not match expected [submission success] but found [ No tests were collected]\r\n\tat org.testng.Assert.fail(Assert.java:99)\r\n\tat org.testng.Assert.failNotEquals(Assert.java:1037)\r\n\tat org.testng.Assert.assertEqualsImpl(Assert.java:140)\r\n\tat org.testng.Assert.assertEquals(Assert.java:122)\r\n\tat org.testng.Assert.assertEquals(Assert.java:629)\r\n\tat com.Stepdefinitions.ArraysStepDef.the_user_should_be_presented_with_successful_submission_message(ArraysStepDef.java:139)\r\n\tat ✽.The user should be presented with successful submission message(file:///C:/Users/janga/eclipse-workspace/DSAlgosample/src/test/resources/Features/UC05_Arrays.feature:182)\r\n"},"stage":"finished","steps":[],"attachments":[],"parameters":[],"start":1680050515308,"stop":1680050515874}],"attachments":[],"parameters":[{"name":"Sheetname","value":"pythonCode"},{"name":"RowNumber","value":"9"}],"start":1680050513640,"stop":1680050516475}