{"uuid":"dcd87596-65c0-4367-9a81-4841fc02ab9c","historyId":"21c7c13c9615165b2b2c18c472690704","fullName":"Array: The user is able to submit code in tryEditor for Search the array link","labels":[{"name":"tag","value":"arrays"},{"name":"tag","value":"scenario_009"},{"name":"host","value":"DESKTOP-RGL4EEL"},{"name":"thread","value":"19632@DESKTOP-RGL4EEL.main(1)"},{"name":"feature","value":"Array"},{"name":"story","value":"The user is able to submit code in tryEditor for Search the array link"},{"name":"suite","value":"Array"},{"name":"testClass","value":"The user is able to submit code in tryEditor for Search the array link"},{"name":"framework","value":"cucumber4jvm"},{"name":"language","value":"java"},{"name":"gherkin_uri","value":"file:///C:/Users/janga/eclipse-workspace/DSAlgosample/src/test/resources/Features/UC05_Arrays.feature"},{"name":"package","value":"src.test.resources.Features.UC05_Arrays_feature.Array"}],"links":[],"name":"The user is able to submit code in tryEditor for Search the array link","status":"failed","statusDetails":{"known":false,"muted":false,"flaky":false,"message":"Result do not match expected [submission success] but found [ Some Tests failed. Please review code]","trace":"java.lang.AssertionError: Result do not match expected [submission success] but found [ Some Tests failed. Please review code]\r\n\tat org.testng.Assert.fail(Assert.java:110)\r\n\tat org.testng.Assert.failNotEquals(Assert.java:1577)\r\n\tat org.testng.Assert.assertEqualsImpl(Assert.java:149)\r\n\tat org.testng.Assert.assertEquals(Assert.java:131)\r\n\tat org.testng.Assert.assertEquals(Assert.java:655)\r\n\tat com.Stepdefinitions.ArraysStepDef.the_user_should_be_presented_with_successful_submission_message(ArraysStepDef.java:139)\r\n\tat ✽.The user should be presented with successful submission message(file:///C:/Users/janga/eclipse-workspace/DSAlgosample/src/test/resources/Features/UC05_Arrays.feature:115)\r\n"},"stage":"finished","steps":[{"name":"Given  The user is on \"Question\" page of \"Search the array\" after logged in","status":"passed","statusDetails":{"known":false,"muted":false,"flaky":false},"stage":"finished","steps":[],"attachments":[],"parameters":[],"start":1680118985307,"stop":1680118985418},{"name":"When  The user enter valid python code in tryEditor from sheet \"pythonCode\" and 3 for the question","status":"passed","statusDetails":{"known":false,"muted":false,"flaky":false},"stage":"finished","steps":[],"attachments":[],"parameters":[],"start":1680118985419,"stop":1680118986513},{"name":"And  The user clicks on Submit button","status":"passed","statusDetails":{"known":false,"muted":false,"flaky":false},"stage":"finished","steps":[],"attachments":[],"parameters":[],"start":1680118986514,"stop":1680118986587},{"name":"Then  The user should be presented with successful submission message","status":"failed","statusDetails":{"known":false,"muted":false,"flaky":false,"message":"Result do not match expected [submission success] but found [ Some Tests failed. Please review code]","trace":"java.lang.AssertionError: Result do not match expected [submission success] but found [ Some Tests failed. Please review code]\r\n\tat org.testng.Assert.fail(Assert.java:110)\r\n\tat org.testng.Assert.failNotEquals(Assert.java:1577)\r\n\tat org.testng.Assert.assertEqualsImpl(Assert.java:149)\r\n\tat org.testng.Assert.assertEquals(Assert.java:131)\r\n\tat org.testng.Assert.assertEquals(Assert.java:655)\r\n\tat com.Stepdefinitions.ArraysStepDef.the_user_should_be_presented_with_successful_submission_message(ArraysStepDef.java:139)\r\n\tat ✽.The user should be presented with successful submission message(file:///C:/Users/janga/eclipse-workspace/DSAlgosample/src/test/resources/Features/UC05_Arrays.feature:115)\r\n"},"stage":"finished","steps":[],"attachments":[],"parameters":[],"start":1680118986588,"stop":1680118987160}],"attachments":[],"parameters":[{"name":"Sheetname","value":"pythonCode"},{"name":"RowNumber","value":"3"}],"start":1680118985305,"stop":1680118987293}