<?xml version="1.0" encoding="UTF-8"?>
<!-- Generated by org.testng.reporters.JUnitReportReporter -->
<testsuite hostname="DESKTOP-RGL4EEL" failures="8" tests="74" name="com.Runner.Testrunnertestng" time="275.846" errors="0" timestamp="2023-03-29T15:56:13 EDT" skipped="0">
  <testcase classname="com.Runner.Testrunnertestng" name="runScenario" time="4.085"/>
  <system-out/>
  <testcase classname="com.Runner.Testrunnertestng" name="runScenario" time="1.572"/>
  <system-out/>
  <testcase classname="com.Runner.Testrunnertestng" name="runScenario" time="6.015"/>
  <system-out/>
  <testcase classname="com.Runner.Testrunnertestng" name="runScenario" time="3.139"/>
  <system-out/>
  <testcase classname="com.Runner.Testrunnertestng" name="runScenario" time="0.873"/>
  <system-out/>
  <testcase classname="com.Runner.Testrunnertestng" name="runScenario" time="3.435"/>
  <system-out/>
  <testcase classname="com.Runner.Testrunnertestng" name="runScenario" time="4.830"/>
  <system-out/>
  <testcase classname="com.Runner.Testrunnertestng" name="runScenario" time="1.053"/>
  <system-out/>
  <testcase classname="com.Runner.Testrunnertestng" name="runScenario" time="3.897"/>
  <system-out/>
  <testcase classname="com.Runner.Testrunnertestng" name="runScenario" time="4.311"/>
  <system-out/>
  <testcase classname="com.Runner.Testrunnertestng" name="runScenario" time="3.743"/>
  <system-out/>
  <testcase classname="com.Runner.Testrunnertestng" name="runScenario" time="3.483"/>
  <system-out/>
  <testcase classname="com.Runner.Testrunnertestng" name="runScenario" time="4.893"/>
  <system-out/>
  <testcase classname="com.Runner.Testrunnertestng" name="runScenario" time="4.178"/>
  <system-out/>
  <testcase classname="com.Runner.Testrunnertestng" name="runScenario" time="3.624"/>
  <system-out/>
  <testcase classname="com.Runner.Testrunnertestng" name="runScenario" time="6.694"/>
  <system-out/>
  <testcase classname="com.Runner.Testrunnertestng" name="runScenario" time="5.195"/>
  <system-out/>
  <testcase classname="com.Runner.Testrunnertestng" name="runScenario" time="3.219"/>
  <system-out/>
  <testcase classname="com.Runner.Testrunnertestng" name="runScenario" time="3.881"/>
  <system-out/>
  <testcase classname="com.Runner.Testrunnertestng" name="runScenario" time="3.619"/>
  <system-out/>
  <testcase classname="com.Runner.Testrunnertestng" name="runScenario" time="3.794"/>
  <system-out/>
  <testcase classname="com.Runner.Testrunnertestng" name="runScenario" time="3.903"/>
  <system-out/>
  <testcase classname="com.Runner.Testrunnertestng" name="runScenario" time="4.561"/>
  <system-out/>
  <testcase classname="com.Runner.Testrunnertestng" name="runScenario" time="3.143">
    <failure message="Result do not match expected [submission success] but found [ Some Tests failed. Please review code]" type="java.lang.AssertionError">
      <![CDATA[java.lang.AssertionError: Result do not match expected [submission success] but found [ Some Tests failed. Please review code]
at org.testng.Assert.fail(Assert.java:99)
at org.testng.Assert.failNotEquals(Assert.java:1037)
at org.testng.Assert.assertEqualsImpl(Assert.java:140)
at org.testng.Assert.assertEquals(Assert.java:122)
at org.testng.Assert.assertEquals(Assert.java:629)
at com.Stepdefinitions.ArraysStepDef.the_user_should_be_presented_with_successful_submission_message(ArraysStepDef.java:139)
at ✽.The user should be presented with successful submission message(file:///C:/Users/janga/eclipse-workspace/DSAlgosample/src/test/resources/Features/UC05_Arrays.feature:138)
]]>
    </failure>
  </testcase> <!-- runScenario -->
  <system-out/>
  <testcase classname="com.Runner.Testrunnertestng" name="runScenario" time="3.965">
    <failure message="Result do not match expected [submission success] but found [ No tests were collected]" type="java.lang.AssertionError">
      <![CDATA[java.lang.AssertionError: Result do not match expected [submission success] but found [ No tests were collected]
at org.testng.Assert.fail(Assert.java:99)
at org.testng.Assert.failNotEquals(Assert.java:1037)
at org.testng.Assert.assertEqualsImpl(Assert.java:140)
at org.testng.Assert.assertEquals(Assert.java:122)
at org.testng.Assert.assertEquals(Assert.java:629)
at com.Stepdefinitions.ArraysStepDef.the_user_should_be_presented_with_successful_submission_message(ArraysStepDef.java:139)
at ✽.The user should be presented with successful submission message(file:///C:/Users/janga/eclipse-workspace/DSAlgosample/src/test/resources/Features/UC05_Arrays.feature:182)
]]>
    </failure>
  </testcase> <!-- runScenario -->
  <system-out/>
  <testcase classname="com.Runner.Testrunnertestng" name="runScenario" time="3.083"/>
  <system-out/>
  <testcase classname="com.Runner.Testrunnertestng" name="runScenario" time="4.983">
    <failure message="expected [password should contain atleast eight characters.] but found [password_mismatch:The two password fields didn’t match.]" type="java.lang.AssertionError">
      <![CDATA[java.lang.AssertionError: expected [password should contain atleast eight characters.] but found [password_mismatch:The two password fields didn’t match.]
at org.testng.Assert.fail(Assert.java:99)
at org.testng.Assert.failNotEquals(Assert.java:1037)
at org.testng.Assert.assertEqualsImpl(Assert.java:140)
at org.testng.Assert.assertEquals(Assert.java:122)
at org.testng.Assert.assertEquals(Assert.java:629)
at org.testng.Assert.assertEquals(Assert.java:639)
at com.Stepdefinitions.RegisterStepDef.user_should_get_password_atleast_eight_char_error_message(RegisterStepDef.java:145)
at ✽.user should get password atleast eight char error message "password should contain atleast eight characters."(file:///C:/Users/janga/eclipse-workspace/DSAlgosample/src/test/resources/Features/UC02_register.feature:85)
]]>
    </failure>
  </testcase> <!-- runScenario -->
  <system-out/>
  <testcase classname="com.Runner.Testrunnertestng" name="runScenario" time="4.254"/>
  <system-out/>
  <testcase classname="com.Runner.Testrunnertestng" name="runScenario" time="3.324"/>
  <system-out/>
  <testcase classname="com.Runner.Testrunnertestng" name="runScenario" time="3.325"/>
  <system-out/>
  <testcase classname="com.Runner.Testrunnertestng" name="runScenario" time="3.335"/>
  <system-out/>
  <testcase classname="com.Runner.Testrunnertestng" name="runScenario" time="2.691"/>
  <system-out/>
  <testcase classname="com.Runner.Testrunnertestng" name="runScenario" time="4.155"/>
  <system-out/>
  <testcase classname="com.Runner.Testrunnertestng" name="runScenario" time="1.979"/>
  <system-out/>
  <testcase classname="com.Runner.Testrunnertestng" name="runScenario" time="9.497"/>
  <system-out/>
  <testcase classname="com.Runner.Testrunnertestng" name="runScenario" time="4.682"/>
  <system-out/>
  <testcase classname="com.Runner.Testrunnertestng" name="runScenario" time="1.875"/>
  <system-out/>
  <testcase classname="com.Runner.Testrunnertestng" name="runScenario" time="0.967"/>
  <system-out/>
  <testcase classname="com.Runner.Testrunnertestng" name="runScenario" time="3.510"/>
  <system-out/>
  <testcase classname="com.Runner.Testrunnertestng" name="runScenario" time="2.757">
    <failure message="Result do not match expected [submission success] but found [ Some Tests failed. Please review code]" type="java.lang.AssertionError">
      <![CDATA[java.lang.AssertionError: Result do not match expected [submission success] but found [ Some Tests failed. Please review code]
at org.testng.Assert.fail(Assert.java:99)
at org.testng.Assert.failNotEquals(Assert.java:1037)
at org.testng.Assert.assertEqualsImpl(Assert.java:140)
at org.testng.Assert.assertEquals(Assert.java:122)
at org.testng.Assert.assertEquals(Assert.java:629)
at com.Stepdefinitions.ArraysStepDef.the_user_should_be_presented_with_successful_submission_message(ArraysStepDef.java:139)
at ✽.The user should be presented with successful submission message(file:///C:/Users/janga/eclipse-workspace/DSAlgosample/src/test/resources/Features/UC05_Arrays.feature:115)
]]>
    </failure>
  </testcase> <!-- runScenario -->
  <system-out/>
  <testcase classname="com.Runner.Testrunnertestng" name="runScenario" time="0.425"/>
  <system-out/>
  <testcase classname="com.Runner.Testrunnertestng" name="runScenario" time="3.466"/>
  <system-out/>
  <testcase classname="com.Runner.Testrunnertestng" name="runScenario" time="4.049"/>
  <system-out/>
  <testcase classname="com.Runner.Testrunnertestng" name="runScenario" time="0.688"/>
  <system-out/>
  <testcase classname="com.Runner.Testrunnertestng" name="runScenario" time="3.350"/>
  <system-out/>
  <testcase classname="com.Runner.Testrunnertestng" name="runScenario" time="3.364"/>
  <system-out/>
  <testcase classname="com.Runner.Testrunnertestng" name="runScenario" time="4.050"/>
  <system-out/>
  <testcase classname="com.Runner.Testrunnertestng" name="runScenario" time="5.062">
    <failure message="expected [password can not be similar as username] but found [password_mismatch:The two password fields didn’t match.]" type="java.lang.AssertionError">
      <![CDATA[java.lang.AssertionError: expected [password can not be similar as username] but found [password_mismatch:The two password fields didn’t match.]
at org.testng.Assert.fail(Assert.java:99)
at org.testng.Assert.failNotEquals(Assert.java:1037)
at org.testng.Assert.assertEqualsImpl(Assert.java:140)
at org.testng.Assert.assertEquals(Assert.java:122)
at org.testng.Assert.assertEquals(Assert.java:629)
at org.testng.Assert.assertEquals(Assert.java:639)
at com.Stepdefinitions.RegisterStepDef.user_should_get_password_not_similar_to_username_error_message(RegisterStepDef.java:171)
at ✽.user should get password not similar to username error message "password can not be similar as username"(file:///C:/Users/janga/eclipse-workspace/DSAlgosample/src/test/resources/Features/UC02_register.feature:102)
]]>
    </failure>
  </testcase> <!-- runScenario -->
  <system-out/>
  <testcase classname="com.Runner.Testrunnertestng" name="runScenario" time="4.232"/>
  <system-out/>
  <testcase classname="com.Runner.Testrunnertestng" name="runScenario" time="3.361"/>
  <system-out/>
  <testcase classname="com.Runner.Testrunnertestng" name="runScenario" time="3.706"/>
  <system-out/>
  <testcase classname="com.Runner.Testrunnertestng" name="runScenario" time="4.009"/>
  <system-out/>
  <testcase classname="com.Runner.Testrunnertestng" name="runScenario" time="0.459"/>
  <system-out/>
  <testcase classname="com.Runner.Testrunnertestng" name="runScenario" time="2.767">
    <failure message="Result do not match expected [submission success] but found [Error occurred during submission]" type="java.lang.AssertionError">
      <![CDATA[java.lang.AssertionError: Result do not match expected [submission success] but found [Error occurred during submission]
at org.testng.Assert.fail(Assert.java:99)
at org.testng.Assert.failNotEquals(Assert.java:1037)
at org.testng.Assert.assertEqualsImpl(Assert.java:140)
at org.testng.Assert.assertEquals(Assert.java:122)
at org.testng.Assert.assertEquals(Assert.java:629)
at com.Stepdefinitions.ArraysStepDef.the_user_should_be_presented_with_successful_submission_message(ArraysStepDef.java:139)
at ✽.The user should be presented with successful submission message(file:///C:/Users/janga/eclipse-workspace/DSAlgosample/src/test/resources/Features/UC05_Arrays.feature:160)
]]>
    </failure>
  </testcase> <!-- runScenario -->
  <system-out/>
  <testcase classname="com.Runner.Testrunnertestng" name="runScenario" time="5.839">
    <failure message="expected [true] but found [false]" type="java.lang.AssertionError">
      <![CDATA[java.lang.AssertionError: expected [true] but found [false]
at org.testng.Assert.fail(Assert.java:99)
at org.testng.Assert.failNotEquals(Assert.java:1037)
at org.testng.Assert.assertEqualsImpl(Assert.java:140)
at org.testng.Assert.assertEquals(Assert.java:122)
at org.testng.Assert.assertEquals(Assert.java:819)
at org.testng.Assert.assertEquals(Assert.java:829)
at com.Stepdefinitions.RegisterStepDef.user_should_be_successfully_able_to_see_the_label_as(RegisterStepDef.java:48)
at ✽.user should be successfully able to see the label as "New Account Created."(file:///C:/Users/janga/eclipse-workspace/DSAlgosample/src/test/resources/Features/UC02_register.feature:14)
]]>
    </failure>
  </testcase> <!-- runScenario -->
  <system-out/>
  <testcase classname="com.Runner.Testrunnertestng" name="runScenario" time="4.365"/>
  <system-out/>
  <testcase classname="com.Runner.Testrunnertestng" name="runScenario" time="5.691"/>
  <system-out/>
  <testcase classname="com.Runner.Testrunnertestng" name="runScenario" time="12.078"/>
  <system-out/>
  <testcase classname="com.Runner.Testrunnertestng" name="runScenario" time="0.767"/>
  <system-out/>
  <testcase classname="com.Runner.Testrunnertestng" name="runScenario" time="6.996"/>
  <system-out/>
  <testcase classname="com.Runner.Testrunnertestng" name="runScenario" time="3.852"/>
  <system-out/>
  <testcase classname="com.Runner.Testrunnertestng" name="runScenario" time="4.566"/>
  <system-out/>
  <testcase classname="com.Runner.Testrunnertestng" name="runScenario" time="3.908"/>
  <system-out/>
  <testcase classname="com.Runner.Testrunnertestng" name="runScenario" time="3.075"/>
  <system-out/>
  <testcase classname="com.Runner.Testrunnertestng" name="runScenario" time="5.122">
    <failure message="expected [please enter valid password format] but found [password_mismatch:The two password fields didn’t match.]" type="java.lang.AssertionError">
      <![CDATA[java.lang.AssertionError: expected [please enter valid password format] but found [password_mismatch:The two password fields didn’t match.]
at org.testng.Assert.fail(Assert.java:99)
at org.testng.Assert.failNotEquals(Assert.java:1037)
at org.testng.Assert.assertEqualsImpl(Assert.java:140)
at org.testng.Assert.assertEquals(Assert.java:122)
at org.testng.Assert.assertEquals(Assert.java:629)
at org.testng.Assert.assertEquals(Assert.java:639)
at com.Stepdefinitions.RegisterStepDef.user_should_get_enter_valid_input_error_message(RegisterStepDef.java:159)
at ✽.user should get enter valid input error message "please enter valid password format"(file:///C:/Users/janga/eclipse-workspace/DSAlgosample/src/test/resources/Features/UC02_register.feature:93)
]]>
    </failure>
  </testcase> <!-- runScenario -->
  <system-out/>
  <testcase classname="com.Runner.Testrunnertestng" name="runScenario" time="0.611"/>
  <system-out/>
  <testcase classname="com.Runner.Testrunnertestng" name="runScenario" time="3.431"/>
  <system-out/>
  <testcase classname="com.Runner.Testrunnertestng" name="runScenario" time="3.323"/>
  <system-out/>
  <testcase classname="com.Runner.Testrunnertestng" name="runScenario" time="3.459"/>
  <system-out/>
  <testcase classname="com.Runner.Testrunnertestng" name="runScenario" time="3.316"/>
  <system-out/>
  <testcase classname="com.Runner.Testrunnertestng" name="runScenario" time="4.943"/>
  <system-out/>
  <testcase classname="com.Runner.Testrunnertestng" name="runScenario" time="3.538"/>
  <system-out/>
  <testcase classname="com.Runner.Testrunnertestng" name="runScenario" time="3.409"/>
  <system-out/>
  <testcase classname="com.Runner.Testrunnertestng" name="runScenario" time="1.047"/>
  <system-out/>
</testsuite> <!-- com.Runner.Testrunnertestng -->
