<?xml version="1.0" encoding="UTF-8"?>
<!-- Generated by org.testng.reporters.JUnitReportReporter -->
<testsuite hostname="DESKTOP-RGL4EEL" failures="8" tests="74" name="com.Runner.Testrunner" time="244.193" errors="0" timestamp="2023-03-29T14:10:55 EDT" skipped="0">
  <testcase classname="com.Runner.Testrunner" name="runScenario" time="0.694"/>
  <system-out/>
  <testcase classname="com.Runner.Testrunner" name="runScenario" time="3.206"/>
  <system-out/>
  <testcase classname="com.Runner.Testrunner" name="runScenario" time="3.453"/>
  <system-out/>
  <testcase classname="com.Runner.Testrunner" name="runScenario" time="3.105"/>
  <system-out/>
  <testcase classname="com.Runner.Testrunner" name="runScenario" time="4.918">
    <failure message="expected [password should contain atleast eight characters.] but found [password_mismatch:The two password fields didn’t match.]" type="java.lang.AssertionError">
      <![CDATA[java.lang.AssertionError: expected [password should contain atleast eight characters.] but found [password_mismatch:The two password fields didn’t match.]
at org.testng.Assert.fail(Assert.java:99)
at org.testng.Assert.failNotEquals(Assert.java:1037)
at org.testng.Assert.assertEqualsImpl(Assert.java:140)
at org.testng.Assert.assertEquals(Assert.java:122)
at org.testng.Assert.assertEquals(Assert.java:629)
at org.testng.Assert.assertEquals(Assert.java:639)
at com.Stepdefinitions.RegisterStepDef.user_should_get_password_atleast_eight_char_error_message(RegisterStepDef.java:144)
at ✽.user should get password atleast eight char error message "password should contain atleast eight characters."(file:///C:/Users/janga/eclipse-workspace/DSAlgosample/src/test/resources/Features/UC02_register.feature:85)
]]>
    </failure>
  </testcase> <!-- runScenario -->
  <system-out/>
  <testcase classname="com.Runner.Testrunner" name="runScenario" time="3.116"/>
  <system-out/>
  <testcase classname="com.Runner.Testrunner" name="runScenario" time="5.062">
    <failure message="expected [true] but found [false]" type="java.lang.AssertionError">
      <![CDATA[java.lang.AssertionError: expected [true] but found [false]
at org.testng.Assert.fail(Assert.java:99)
at org.testng.Assert.failNotEquals(Assert.java:1037)
at org.testng.Assert.assertEqualsImpl(Assert.java:140)
at org.testng.Assert.assertEquals(Assert.java:122)
at org.testng.Assert.assertEquals(Assert.java:819)
at org.testng.Assert.assertEquals(Assert.java:829)
at com.Stepdefinitions.RegisterStepDef.user_should_be_successfully_able_to_see_the_label_as(RegisterStepDef.java:47)
at ✽.user should be successfully able to see the label as "New Account Created."(file:///C:/Users/janga/eclipse-workspace/DSAlgosample/src/test/resources/Features/UC02_register.feature:14)
]]>
    </failure>
  </testcase> <!-- runScenario -->
  <system-out/>
  <testcase classname="com.Runner.Testrunner" name="runScenario" time="3.391"/>
  <system-out/>
  <testcase classname="com.Runner.Testrunner" name="runScenario" time="3.249"/>
  <system-out/>
  <testcase classname="com.Runner.Testrunner" name="runScenario" time="0.620"/>
  <system-out/>
  <testcase classname="com.Runner.Testrunner" name="runScenario" time="3.338"/>
  <system-out/>
  <testcase classname="com.Runner.Testrunner" name="runScenario" time="3.202"/>
  <system-out/>
  <testcase classname="com.Runner.Testrunner" name="runScenario" time="2.894">
    <failure message="Result do not match expected [submission success] but found [ No tests were collected]" type="java.lang.AssertionError">
      <![CDATA[java.lang.AssertionError: Result do not match expected [submission success] but found [ No tests were collected]
at org.testng.Assert.fail(Assert.java:99)
at org.testng.Assert.failNotEquals(Assert.java:1037)
at org.testng.Assert.assertEqualsImpl(Assert.java:140)
at org.testng.Assert.assertEquals(Assert.java:122)
at org.testng.Assert.assertEquals(Assert.java:629)
at com.Stepdefinitions.ArraysStepDef.the_user_should_be_presented_with_successful_submission_message(ArraysStepDef.java:139)
at ✽.The user should be presented with successful submission message(file:///C:/Users/janga/eclipse-workspace/DSAlgosample/src/test/resources/Features/UC05_Arrays.feature:182)
]]>
    </failure>
  </testcase> <!-- runScenario -->
  <system-out/>
  <testcase classname="com.Runner.Testrunner" name="runScenario" time="3.660"/>
  <system-out/>
  <testcase classname="com.Runner.Testrunner" name="runScenario" time="3.358"/>
  <system-out/>
  <testcase classname="com.Runner.Testrunner" name="runScenario" time="4.354"/>
  <system-out/>
  <testcase classname="com.Runner.Testrunner" name="runScenario" time="3.069"/>
  <system-out/>
  <testcase classname="com.Runner.Testrunner" name="runScenario" time="3.946"/>
  <system-out/>
  <testcase classname="com.Runner.Testrunner" name="runScenario" time="3.800"/>
  <system-out/>
  <testcase classname="com.Runner.Testrunner" name="runScenario" time="3.475"/>
  <system-out/>
  <testcase classname="com.Runner.Testrunner" name="runScenario" time="3.323"/>
  <system-out/>
  <testcase classname="com.Runner.Testrunner" name="runScenario" time="3.334"/>
  <system-out/>
  <testcase classname="com.Runner.Testrunner" name="runScenario" time="3.451"/>
  <system-out/>
  <testcase classname="com.Runner.Testrunner" name="runScenario" time="3.116"/>
  <system-out/>
  <testcase classname="com.Runner.Testrunner" name="runScenario" time="3.481"/>
  <system-out/>
  <testcase classname="com.Runner.Testrunner" name="runScenario" time="0.565"/>
  <system-out/>
  <testcase classname="com.Runner.Testrunner" name="runScenario" time="9.307"/>
  <system-out/>
  <testcase classname="com.Runner.Testrunner" name="runScenario" time="3.330"/>
  <system-out/>
  <testcase classname="com.Runner.Testrunner" name="runScenario" time="4.050"/>
  <system-out/>
  <testcase classname="com.Runner.Testrunner" name="runScenario" time="4.325"/>
  <system-out/>
  <testcase classname="com.Runner.Testrunner" name="runScenario" time="3.811"/>
  <system-out/>
  <testcase classname="com.Runner.Testrunner" name="runScenario" time="3.158"/>
  <system-out/>
  <testcase classname="com.Runner.Testrunner" name="runScenario" time="2.901"/>
  <system-out/>
  <testcase classname="com.Runner.Testrunner" name="runScenario" time="1.545"/>
  <system-out/>
  <testcase classname="com.Runner.Testrunner" name="runScenario" time="3.920"/>
  <system-out/>
  <testcase classname="com.Runner.Testrunner" name="runScenario" time="4.929">
    <failure message="expected [please enter valid password format] but found [password_mismatch:The two password fields didn’t match.]" type="java.lang.AssertionError">
      <![CDATA[java.lang.AssertionError: expected [please enter valid password format] but found [password_mismatch:The two password fields didn’t match.]
at org.testng.Assert.fail(Assert.java:99)
at org.testng.Assert.failNotEquals(Assert.java:1037)
at org.testng.Assert.assertEqualsImpl(Assert.java:140)
at org.testng.Assert.assertEquals(Assert.java:122)
at org.testng.Assert.assertEquals(Assert.java:629)
at org.testng.Assert.assertEquals(Assert.java:639)
at com.Stepdefinitions.RegisterStepDef.user_should_get_enter_valid_input_error_message(RegisterStepDef.java:158)
at ✽.user should get enter valid input error message "please enter valid password format"(file:///C:/Users/janga/eclipse-workspace/DSAlgosample/src/test/resources/Features/UC02_register.feature:93)
]]>
    </failure>
  </testcase> <!-- runScenario -->
  <system-out/>
  <testcase classname="com.Runner.Testrunner" name="runScenario" time="3.307"/>
  <system-out/>
  <testcase classname="com.Runner.Testrunner" name="runScenario" time="6.972"/>
  <system-out/>
  <testcase classname="com.Runner.Testrunner" name="runScenario" time="4.121"/>
  <system-out/>
  <testcase classname="com.Runner.Testrunner" name="runScenario" time="3.306"/>
  <system-out/>
  <testcase classname="com.Runner.Testrunner" name="runScenario" time="0.628"/>
  <system-out/>
  <testcase classname="com.Runner.Testrunner" name="runScenario" time="3.257"/>
  <system-out/>
  <testcase classname="com.Runner.Testrunner" name="runScenario" time="3.622"/>
  <system-out/>
  <testcase classname="com.Runner.Testrunner" name="runScenario" time="9.846"/>
  <system-out/>
  <testcase classname="com.Runner.Testrunner" name="runScenario" time="3.331"/>
  <system-out/>
  <testcase classname="com.Runner.Testrunner" name="runScenario" time="3.276"/>
  <system-out/>
  <testcase classname="com.Runner.Testrunner" name="runScenario" time="1.755"/>
  <system-out/>
  <testcase classname="com.Runner.Testrunner" name="runScenario" time="4.412"/>
  <system-out/>
  <testcase classname="com.Runner.Testrunner" name="runScenario" time="4.979"/>
  <system-out/>
  <testcase classname="com.Runner.Testrunner" name="runScenario" time="3.409"/>
  <system-out/>
  <testcase classname="com.Runner.Testrunner" name="runScenario" time="4.842">
    <failure message="expected [password can not be similar as username] but found [password_mismatch:The two password fields didn’t match.]" type="java.lang.AssertionError">
      <![CDATA[java.lang.AssertionError: expected [password can not be similar as username] but found [password_mismatch:The two password fields didn’t match.]
at org.testng.Assert.fail(Assert.java:99)
at org.testng.Assert.failNotEquals(Assert.java:1037)
at org.testng.Assert.assertEqualsImpl(Assert.java:140)
at org.testng.Assert.assertEquals(Assert.java:122)
at org.testng.Assert.assertEquals(Assert.java:629)
at org.testng.Assert.assertEquals(Assert.java:639)
at com.Stepdefinitions.RegisterStepDef.user_should_get_password_not_similar_to_username_error_message(RegisterStepDef.java:170)
at ✽.user should get password not similar to username error message "password can not be similar as username"(file:///C:/Users/janga/eclipse-workspace/DSAlgosample/src/test/resources/Features/UC02_register.feature:102)
]]>
    </failure>
  </testcase> <!-- runScenario -->
  <system-out/>
  <testcase classname="com.Runner.Testrunner" name="runScenario" time="3.236"/>
  <system-out/>
  <testcase classname="com.Runner.Testrunner" name="runScenario" time="3.204"/>
  <system-out/>
  <testcase classname="com.Runner.Testrunner" name="runScenario" time="3.204"/>
  <system-out/>
  <testcase classname="com.Runner.Testrunner" name="runScenario" time="1.679"/>
  <system-out/>
  <testcase classname="com.Runner.Testrunner" name="runScenario" time="3.198"/>
  <system-out/>
  <testcase classname="com.Runner.Testrunner" name="runScenario" time="3.375"/>
  <system-out/>
  <testcase classname="com.Runner.Testrunner" name="runScenario" time="3.311">
    <failure message="Result do not match expected [submission success] but found [ Some Tests failed. Please review code]" type="java.lang.AssertionError">
      <![CDATA[java.lang.AssertionError: Result do not match expected [submission success] but found [ Some Tests failed. Please review code]
at org.testng.Assert.fail(Assert.java:99)
at org.testng.Assert.failNotEquals(Assert.java:1037)
at org.testng.Assert.assertEqualsImpl(Assert.java:140)
at org.testng.Assert.assertEquals(Assert.java:122)
at org.testng.Assert.assertEquals(Assert.java:629)
at com.Stepdefinitions.ArraysStepDef.the_user_should_be_presented_with_successful_submission_message(ArraysStepDef.java:139)
at ✽.The user should be presented with successful submission message(file:///C:/Users/janga/eclipse-workspace/DSAlgosample/src/test/resources/Features/UC05_Arrays.feature:138)
]]>
    </failure>
  </testcase> <!-- runScenario -->
  <system-out/>
  <testcase classname="com.Runner.Testrunner" name="runScenario" time="3.385"/>
  <system-out/>
  <testcase classname="com.Runner.Testrunner" name="runScenario" time="4.155"/>
  <system-out/>
  <testcase classname="com.Runner.Testrunner" name="runScenario" time="3.199"/>
  <system-out/>
  <testcase classname="com.Runner.Testrunner" name="runScenario" time="0.389"/>
  <system-out/>
  <testcase classname="com.Runner.Testrunner" name="runScenario" time="3.214"/>
  <system-out/>
  <testcase classname="com.Runner.Testrunner" name="runScenario" time="0.765"/>
  <system-out/>
  <testcase classname="com.Runner.Testrunner" name="runScenario" time="0.646"/>
  <system-out/>
  <testcase classname="com.Runner.Testrunner" name="runScenario" time="2.758"/>
  <system-out/>
  <testcase classname="com.Runner.Testrunner" name="runScenario" time="3.544"/>
  <system-out/>
  <testcase classname="com.Runner.Testrunner" name="runScenario" time="2.779"/>
  <system-out/>
  <testcase classname="com.Runner.Testrunner" name="runScenario" time="3.234"/>
  <system-out/>
  <testcase classname="com.Runner.Testrunner" name="runScenario" time="0.592"/>
  <system-out/>
  <testcase classname="com.Runner.Testrunner" name="runScenario" time="2.690">
    <failure message="Result do not match expected [submission success] but found [ Some Tests failed. Please review code]" type="java.lang.AssertionError">
      <![CDATA[java.lang.AssertionError: Result do not match expected [submission success] but found [ Some Tests failed. Please review code]
at org.testng.Assert.fail(Assert.java:99)
at org.testng.Assert.failNotEquals(Assert.java:1037)
at org.testng.Assert.assertEqualsImpl(Assert.java:140)
at org.testng.Assert.assertEquals(Assert.java:122)
at org.testng.Assert.assertEquals(Assert.java:629)
at com.Stepdefinitions.ArraysStepDef.the_user_should_be_presented_with_successful_submission_message(ArraysStepDef.java:139)
at ✽.The user should be presented with successful submission message(file:///C:/Users/janga/eclipse-workspace/DSAlgosample/src/test/resources/Features/UC05_Arrays.feature:115)
]]>
    </failure>
  </testcase> <!-- runScenario -->
  <system-out/>
  <testcase classname="com.Runner.Testrunner" name="runScenario" time="2.698">
    <failure message="Result do not match expected [submission success] but found [Error occurred during submission]" type="java.lang.AssertionError">
      <![CDATA[java.lang.AssertionError: Result do not match expected [submission success] but found [Error occurred during submission]
at org.testng.Assert.fail(Assert.java:99)
at org.testng.Assert.failNotEquals(Assert.java:1037)
at org.testng.Assert.assertEqualsImpl(Assert.java:140)
at org.testng.Assert.assertEquals(Assert.java:122)
at org.testng.Assert.assertEquals(Assert.java:629)
at com.Stepdefinitions.ArraysStepDef.the_user_should_be_presented_with_successful_submission_message(ArraysStepDef.java:139)
at ✽.The user should be presented with successful submission message(file:///C:/Users/janga/eclipse-workspace/DSAlgosample/src/test/resources/Features/UC05_Arrays.feature:160)
]]>
    </failure>
  </testcase> <!-- runScenario -->
  <system-out/>
  <testcase classname="com.Runner.Testrunner" name="runScenario" time="3.050"/>
  <system-out/>
  <testcase classname="com.Runner.Testrunner" name="runScenario" time="0.369"/>
  <system-out/>
</testsuite> <!-- com.Runner.Testrunner -->
