<?xml version="1.0" encoding="UTF-8"?>
<!-- Generated by org.testng.reporters.JUnitReportReporter -->
<testsuite hostname="DESKTOP-RGL4EEL" failures="8" tests="74" name="com.Runner.Testrunnertestng" time="226.466" errors="0" timestamp="2023-03-29T16:04:14 EDT" skipped="0">
  <testcase classname="com.Runner.Testrunnertestng" name="runScenario" time="3.102"/>
  <system-out/>
  <testcase classname="com.Runner.Testrunnertestng" name="runScenario" time="0.521"/>
  <system-out/>
  <testcase classname="com.Runner.Testrunnertestng" name="runScenario" time="2.542">
    <failure message="Result do not match expected [submission success] but found [ Some Tests failed. Please review code]" type="java.lang.AssertionError">
      <![CDATA[java.lang.AssertionError: Result do not match expected [submission success] but found [ Some Tests failed. Please review code]
at org.testng.Assert.fail(Assert.java:110)
at org.testng.Assert.failNotEquals(Assert.java:1577)
at org.testng.Assert.assertEqualsImpl(Assert.java:149)
at org.testng.Assert.assertEquals(Assert.java:131)
at org.testng.Assert.assertEquals(Assert.java:655)
at com.Stepdefinitions.ArraysStepDef.the_user_should_be_presented_with_successful_submission_message(ArraysStepDef.java:139)
at ✽.The user should be presented with successful submission message(file:///C:/Users/janga/eclipse-workspace/DSAlgosample/src/test/resources/Features/UC05_Arrays.feature:138)
]]>
    </failure>
  </testcase> <!-- runScenario -->
  <system-out/>
  <testcase classname="com.Runner.Testrunnertestng" name="runScenario" time="4.659"/>
  <system-out/>
  <testcase classname="com.Runner.Testrunnertestng" name="runScenario" time="0.584"/>
  <system-out/>
  <testcase classname="com.Runner.Testrunnertestng" name="runScenario" time="3.177"/>
  <system-out/>
  <testcase classname="com.Runner.Testrunnertestng" name="runScenario" time="2.978"/>
  <system-out/>
  <testcase classname="com.Runner.Testrunnertestng" name="runScenario" time="3.130"/>
  <system-out/>
  <testcase classname="com.Runner.Testrunnertestng" name="runScenario" time="3.137"/>
  <system-out/>
  <testcase classname="com.Runner.Testrunnertestng" name="runScenario" time="3.830"/>
  <system-out/>
  <testcase classname="com.Runner.Testrunnertestng" name="runScenario" time="2.344">
    <failure message="Result do not match expected [submission success] but found [ No tests were collected]" type="java.lang.AssertionError">
      <![CDATA[java.lang.AssertionError: Result do not match expected [submission success] but found [ No tests were collected]
at org.testng.Assert.fail(Assert.java:110)
at org.testng.Assert.failNotEquals(Assert.java:1577)
at org.testng.Assert.assertEqualsImpl(Assert.java:149)
at org.testng.Assert.assertEquals(Assert.java:131)
at org.testng.Assert.assertEquals(Assert.java:655)
at com.Stepdefinitions.ArraysStepDef.the_user_should_be_presented_with_successful_submission_message(ArraysStepDef.java:139)
at ✽.The user should be presented with successful submission message(file:///C:/Users/janga/eclipse-workspace/DSAlgosample/src/test/resources/Features/UC05_Arrays.feature:182)
]]>
    </failure>
  </testcase> <!-- runScenario -->
  <system-out/>
  <testcase classname="com.Runner.Testrunnertestng" name="runScenario" time="0.563"/>
  <system-out/>
  <testcase classname="com.Runner.Testrunnertestng" name="runScenario" time="2.973"/>
  <system-out/>
  <testcase classname="com.Runner.Testrunnertestng" name="runScenario" time="3.442"/>
  <system-out/>
  <testcase classname="com.Runner.Testrunnertestng" name="runScenario" time="4.155"/>
  <system-out/>
  <testcase classname="com.Runner.Testrunnertestng" name="runScenario" time="3.986"/>
  <system-out/>
  <testcase classname="com.Runner.Testrunnertestng" name="runScenario" time="3.138"/>
  <system-out/>
  <testcase classname="com.Runner.Testrunnertestng" name="runScenario" time="2.091">
    <failure message="Result do not match expected [submission success] but found [ Some Tests failed. Please review code]" type="java.lang.AssertionError">
      <![CDATA[java.lang.AssertionError: Result do not match expected [submission success] but found [ Some Tests failed. Please review code]
at org.testng.Assert.fail(Assert.java:110)
at org.testng.Assert.failNotEquals(Assert.java:1577)
at org.testng.Assert.assertEqualsImpl(Assert.java:149)
at org.testng.Assert.assertEquals(Assert.java:131)
at org.testng.Assert.assertEquals(Assert.java:655)
at com.Stepdefinitions.ArraysStepDef.the_user_should_be_presented_with_successful_submission_message(ArraysStepDef.java:139)
at ✽.The user should be presented with successful submission message(file:///C:/Users/janga/eclipse-workspace/DSAlgosample/src/test/resources/Features/UC05_Arrays.feature:115)
]]>
    </failure>
  </testcase> <!-- runScenario -->
  <system-out/>
  <testcase classname="com.Runner.Testrunnertestng" name="runScenario" time="3.798"/>
  <system-out/>
  <testcase classname="com.Runner.Testrunnertestng" name="runScenario" time="3.188"/>
  <system-out/>
  <testcase classname="com.Runner.Testrunnertestng" name="runScenario" time="3.803"/>
  <system-out/>
  <testcase classname="com.Runner.Testrunnertestng" name="runScenario" time="3.093"/>
  <system-out/>
  <testcase classname="com.Runner.Testrunnertestng" name="runScenario" time="3.248"/>
  <system-out/>
  <testcase classname="com.Runner.Testrunnertestng" name="runScenario" time="0.333"/>
  <system-out/>
  <testcase classname="com.Runner.Testrunnertestng" name="runScenario" time="3.259"/>
  <system-out/>
  <testcase classname="com.Runner.Testrunnertestng" name="runScenario" time="3.001"/>
  <system-out/>
  <testcase classname="com.Runner.Testrunnertestng" name="runScenario" time="5.030">
    <failure message="expected [true] but found [false]" type="java.lang.AssertionError">
      <![CDATA[java.lang.AssertionError: expected [true] but found [false]
at org.testng.Assert.fail(Assert.java:110)
at org.testng.Assert.failNotEquals(Assert.java:1577)
at org.testng.Assert.assertEqualsImpl(Assert.java:149)
at org.testng.Assert.assertEquals(Assert.java:131)
at org.testng.Assert.assertEquals(Assert.java:1066)
at org.testng.Assert.assertEquals(Assert.java:1030)
at org.testng.Assert.assertEquals(Assert.java:1076)
at com.Stepdefinitions.RegisterStepDef.user_should_be_successfully_able_to_see_the_label_as(RegisterStepDef.java:48)
at ✽.user should be successfully able to see the label as "New Account Created."(file:///C:/Users/janga/eclipse-workspace/DSAlgosample/src/test/resources/Features/UC02_register.feature:14)
]]>
    </failure>
  </testcase> <!-- runScenario -->
  <system-out/>
  <testcase classname="com.Runner.Testrunnertestng" name="runScenario" time="1.487"/>
  <system-out/>
  <testcase classname="com.Runner.Testrunnertestng" name="runScenario" time="2.794"/>
  <system-out/>
  <testcase classname="com.Runner.Testrunnertestng" name="runScenario" time="3.054"/>
  <system-out/>
  <testcase classname="com.Runner.Testrunnertestng" name="runScenario" time="3.201"/>
  <system-out/>
  <testcase classname="com.Runner.Testrunnertestng" name="runScenario" time="3.034"/>
  <system-out/>
  <testcase classname="com.Runner.Testrunnertestng" name="runScenario" time="3.075"/>
  <system-out/>
  <testcase classname="com.Runner.Testrunnertestng" name="runScenario" time="4.270">
    <failure message="expected [password can not be similar as username] but found [password_mismatch:The two password fields didn’t match.]" type="java.lang.AssertionError">
      <![CDATA[java.lang.AssertionError: expected [password can not be similar as username] but found [password_mismatch:The two password fields didn’t match.]
at org.testng.Assert.fail(Assert.java:110)
at org.testng.Assert.failNotEquals(Assert.java:1577)
at org.testng.Assert.assertEqualsImpl(Assert.java:149)
at org.testng.Assert.assertEquals(Assert.java:131)
at org.testng.Assert.assertEquals(Assert.java:655)
at org.testng.Assert.assertEquals(Assert.java:665)
at com.Stepdefinitions.RegisterStepDef.user_should_get_password_not_similar_to_username_error_message(RegisterStepDef.java:171)
at ✽.user should get password not similar to username error message "password can not be similar as username"(file:///C:/Users/janga/eclipse-workspace/DSAlgosample/src/test/resources/Features/UC02_register.feature:102)
]]>
    </failure>
  </testcase> <!-- runScenario -->
  <system-out/>
  <testcase classname="com.Runner.Testrunnertestng" name="runScenario" time="3.204"/>
  <system-out/>
  <testcase classname="com.Runner.Testrunnertestng" name="runScenario" time="6.642"/>
  <system-out/>
  <testcase classname="com.Runner.Testrunnertestng" name="runScenario" time="2.101">
    <failure message="Result do not match expected [submission success] but found [Error occurred during submission]" type="java.lang.AssertionError">
      <![CDATA[java.lang.AssertionError: Result do not match expected [submission success] but found [Error occurred during submission]
at org.testng.Assert.fail(Assert.java:110)
at org.testng.Assert.failNotEquals(Assert.java:1577)
at org.testng.Assert.assertEqualsImpl(Assert.java:149)
at org.testng.Assert.assertEquals(Assert.java:131)
at org.testng.Assert.assertEquals(Assert.java:655)
at com.Stepdefinitions.ArraysStepDef.the_user_should_be_presented_with_successful_submission_message(ArraysStepDef.java:139)
at ✽.The user should be presented with successful submission message(file:///C:/Users/janga/eclipse-workspace/DSAlgosample/src/test/resources/Features/UC05_Arrays.feature:160)
]]>
    </failure>
  </testcase> <!-- runScenario -->
  <system-out/>
  <testcase classname="com.Runner.Testrunnertestng" name="runScenario" time="4.277">
    <failure message="expected [password should contain atleast eight characters.] but found [password_mismatch:The two password fields didn’t match.]" type="java.lang.AssertionError">
      <![CDATA[java.lang.AssertionError: expected [password should contain atleast eight characters.] but found [password_mismatch:The two password fields didn’t match.]
at org.testng.Assert.fail(Assert.java:110)
at org.testng.Assert.failNotEquals(Assert.java:1577)
at org.testng.Assert.assertEqualsImpl(Assert.java:149)
at org.testng.Assert.assertEquals(Assert.java:131)
at org.testng.Assert.assertEquals(Assert.java:655)
at org.testng.Assert.assertEquals(Assert.java:665)
at com.Stepdefinitions.RegisterStepDef.user_should_get_password_atleast_eight_char_error_message(RegisterStepDef.java:145)
at ✽.user should get password atleast eight char error message "password should contain atleast eight characters."(file:///C:/Users/janga/eclipse-workspace/DSAlgosample/src/test/resources/Features/UC02_register.feature:85)
]]>
    </failure>
  </testcase> <!-- runScenario -->
  <system-out/>
  <testcase classname="com.Runner.Testrunnertestng" name="runScenario" time="3.020"/>
  <system-out/>
  <testcase classname="com.Runner.Testrunnertestng" name="runScenario" time="3.228"/>
  <system-out/>
  <testcase classname="com.Runner.Testrunnertestng" name="runScenario" time="0.571"/>
  <system-out/>
  <testcase classname="com.Runner.Testrunnertestng" name="runScenario" time="2.681"/>
  <system-out/>
  <testcase classname="com.Runner.Testrunnertestng" name="runScenario" time="0.375"/>
  <system-out/>
  <testcase classname="com.Runner.Testrunnertestng" name="runScenario" time="0.632"/>
  <system-out/>
  <testcase classname="com.Runner.Testrunnertestng" name="runScenario" time="4.230">
    <failure message="expected [please enter valid password format] but found [password_mismatch:The two password fields didn’t match.]" type="java.lang.AssertionError">
      <![CDATA[java.lang.AssertionError: expected [please enter valid password format] but found [password_mismatch:The two password fields didn’t match.]
at org.testng.Assert.fail(Assert.java:110)
at org.testng.Assert.failNotEquals(Assert.java:1577)
at org.testng.Assert.assertEqualsImpl(Assert.java:149)
at org.testng.Assert.assertEquals(Assert.java:131)
at org.testng.Assert.assertEquals(Assert.java:655)
at org.testng.Assert.assertEquals(Assert.java:665)
at com.Stepdefinitions.RegisterStepDef.user_should_get_enter_valid_input_error_message(RegisterStepDef.java:159)
at ✽.user should get enter valid input error message "please enter valid password format"(file:///C:/Users/janga/eclipse-workspace/DSAlgosample/src/test/resources/Features/UC02_register.feature:93)
]]>
    </failure>
  </testcase> <!-- runScenario -->
  <system-out/>
  <testcase classname="com.Runner.Testrunnertestng" name="runScenario" time="2.544"/>
  <system-out/>
  <testcase classname="com.Runner.Testrunnertestng" name="runScenario" time="3.102"/>
  <system-out/>
  <testcase classname="com.Runner.Testrunnertestng" name="runScenario" time="3.070"/>
  <system-out/>
  <testcase classname="com.Runner.Testrunnertestng" name="runScenario" time="3.091"/>
  <system-out/>
  <testcase classname="com.Runner.Testrunnertestng" name="runScenario" time="3.057"/>
  <system-out/>
  <testcase classname="com.Runner.Testrunnertestng" name="runScenario" time="3.119"/>
  <system-out/>
  <testcase classname="com.Runner.Testrunnertestng" name="runScenario" time="3.081"/>
  <system-out/>
  <testcase classname="com.Runner.Testrunnertestng" name="runScenario" time="3.458"/>
  <system-out/>
  <testcase classname="com.Runner.Testrunnertestng" name="runScenario" time="0.317"/>
  <system-out/>
  <testcase classname="com.Runner.Testrunnertestng" name="runScenario" time="3.204"/>
  <system-out/>
  <testcase classname="com.Runner.Testrunnertestng" name="runScenario" time="3.662"/>
  <system-out/>
  <testcase classname="com.Runner.Testrunnertestng" name="runScenario" time="1.621"/>
  <system-out/>
  <testcase classname="com.Runner.Testrunnertestng" name="runScenario" time="2.762"/>
  <system-out/>
  <testcase classname="com.Runner.Testrunnertestng" name="runScenario" time="3.178"/>
  <system-out/>
  <testcase classname="com.Runner.Testrunnertestng" name="runScenario" time="2.951"/>
  <system-out/>
  <testcase classname="com.Runner.Testrunnertestng" name="runScenario" time="4.171"/>
  <system-out/>
  <testcase classname="com.Runner.Testrunnertestng" name="runScenario" time="0.316"/>
  <system-out/>
  <testcase classname="com.Runner.Testrunnertestng" name="runScenario" time="1.589"/>
  <system-out/>
  <testcase classname="com.Runner.Testrunnertestng" name="runScenario" time="3.115"/>
  <system-out/>
  <testcase classname="com.Runner.Testrunnertestng" name="runScenario" time="3.045"/>
  <system-out/>
  <testcase classname="com.Runner.Testrunnertestng" name="runScenario" time="3.195"/>
  <system-out/>
  <testcase classname="com.Runner.Testrunnertestng" name="runScenario" time="2.928"/>
  <system-out/>
  <testcase classname="com.Runner.Testrunnertestng" name="runScenario" time="3.094"/>
  <system-out/>
  <testcase classname="com.Runner.Testrunnertestng" name="runScenario" time="8.915"/>
  <system-out/>
  <testcase classname="com.Runner.Testrunnertestng" name="runScenario" time="3.167"/>
  <system-out/>
  <testcase classname="com.Runner.Testrunnertestng" name="runScenario" time="8.741"/>
  <system-out/>
  <testcase classname="com.Runner.Testrunnertestng" name="runScenario" time="3.158"/>
  <system-out/>
  <testcase classname="com.Runner.Testrunnertestng" name="runScenario" time="3.847"/>
  <system-out/>
  <testcase classname="com.Runner.Testrunnertestng" name="runScenario" time="3.987"/>
  <system-out/>
</testsuite> <!-- com.Runner.Testrunnertestng -->
